INFO:     Started server process [21597]
INFO:     Waiting for application startup.
INFO:     Application startup complete.
INFO:     Uvicorn running on http://0.0.0.0:8000 (Press CTRL+C to quit)
INFO:app:Processing image of shape: (78146,)
INFO:app:Main perform_ocr: Decoding 1D array of shape (78146,)
INFO:app:Main perform_ocr: Image shape after decoding: (1024, 683, 3)
INFO:app:Starting robust OCR processing
INFO:app:Image shape after decoding: (1024, 683, 3)
INFO:app:Trying preprocessing method: adaptive_thresh
INFO:app:PSM 6, OEM 3: 1202 chars, confidence: 1.00
INFO:app:PSM 6, OEM 1: 1202 chars, confidence: 1.00
INFO:app:PSM 4, OEM 3: 624 chars, confidence: 1.00
INFO:app:PSM 4, OEM 1: 624 chars, confidence: 1.00
INFO:app:PSM 3, OEM 3: 722 chars, confidence: 1.00
INFO:app:PSM 3, OEM 1: 722 chars, confidence: 1.00
INFO:app:PSM 8, OEM 3: 2 chars, confidence: 0.03
INFO:app:PSM 8, OEM 1: 2 chars, confidence: 0.03
INFO:app:PSM 11, OEM 3: 979 chars, confidence: 1.00
INFO:app:PSM 11, OEM 1: 979 chars, confidence: 1.00
INFO:app:Trying preprocessing method: otsu_thresh
INFO:app:PSM 6, OEM 3: 874 chars, confidence: 1.00
INFO:app:PSM 6, OEM 1: 874 chars, confidence: 1.00
INFO:app:PSM 4, OEM 3: 812 chars, confidence: 1.00
INFO:app:PSM 4, OEM 1: 812 chars, confidence: 1.00
INFO:app:PSM 3, OEM 3: 770 chars, confidence: 1.00
INFO:app:PSM 3, OEM 1: 770 chars, confidence: 1.00
INFO:app:PSM 8, OEM 3: 3 chars, confidence: 0.02
INFO:app:PSM 8, OEM 1: 3 chars, confidence: 0.02
INFO:app:PSM 11, OEM 3: 830 chars, confidence: 1.00
INFO:app:PSM 11, OEM 1: 830 chars, confidence: 1.00
INFO:app:Trying preprocessing method: enhanced_thresh
INFO:app:PSM 6, OEM 3: 831 chars, confidence: 1.00
INFO:app:PSM 6, OEM 1: 831 chars, confidence: 1.00
INFO:app:PSM 4, OEM 3: 780 chars, confidence: 1.00
INFO:app:PSM 4, OEM 1: 780 chars, confidence: 1.00
INFO:app:PSM 3, OEM 3: 875 chars, confidence: 1.00
INFO:app:PSM 3, OEM 1: 875 chars, confidence: 1.00
INFO:app:PSM 8, OEM 3: 3 chars, confidence: 0.02
INFO:app:PSM 8, OEM 1: 3 chars, confidence: 0.02
INFO:app:PSM 11, OEM 3: 838 chars, confidence: 1.00
INFO:app:PSM 11, OEM 1: 838 chars, confidence: 1.00
INFO:app:Trying preprocessing method: denoised_thresh
INFO:app:PSM 6, OEM 3: 859 chars, confidence: 1.00
INFO:app:PSM 6, OEM 1: 859 chars, confidence: 1.00
INFO:app:PSM 4, OEM 3: 812 chars, confidence: 1.00
INFO:app:PSM 4, OEM 1: 812 chars, confidence: 1.00
INFO:app:PSM 3, OEM 3: 771 chars, confidence: 1.00
INFO:app:PSM 3, OEM 1: 771 chars, confidence: 1.00
INFO:app:PSM 8, OEM 3: 3 chars, confidence: 0.02
INFO:app:PSM 8, OEM 1: 3 chars, confidence: 0.02
INFO:app:PSM 11, OEM 3: 831 chars, confidence: 1.00
INFO:app:PSM 11, OEM 1: 831 chars, confidence: 1.00
INFO:app:Trying preprocessing method: morphological
INFO:app:PSM 6, OEM 3: 1202 chars, confidence: 1.00
INFO:app:PSM 6, OEM 1: 1202 chars, confidence: 1.00
INFO:app:PSM 4, OEM 3: 624 chars, confidence: 1.00
INFO:app:PSM 4, OEM 1: 624 chars, confidence: 1.00
INFO:app:PSM 3, OEM 3: 722 chars, confidence: 1.00
INFO:app:PSM 3, OEM 1: 722 chars, confidence: 1.00
INFO:app:PSM 8, OEM 3: 2 chars, confidence: 0.03
INFO:app:PSM 8, OEM 1: 2 chars, confidence: 0.03
INFO:app:PSM 11, OEM 3: 979 chars, confidence: 1.00
INFO:app:PSM 11, OEM 1: 979 chars, confidence: 1.00
INFO:app:Trying preprocessing method: grayscale
INFO:app:PSM 6, OEM 3: 868 chars, confidence: 1.00
INFO:app:PSM 6, OEM 1: 868 chars, confidence: 1.00
INFO:app:PSM 4, OEM 3: 801 chars, confidence: 1.00
INFO:app:PSM 4, OEM 1: 801 chars, confidence: 1.00
INFO:app:PSM 3, OEM 3: 744 chars, confidence: 1.00
INFO:app:PSM 3, OEM 1: 744 chars, confidence: 1.00
INFO:app:PSM 8, OEM 3: 2 chars, confidence: 0.01
INFO:app:PSM 8, OEM 1: 2 chars, confidence: 0.01
INFO:app:PSM 11, OEM 3: 825 chars, confidence: 1.00
INFO:app:PSM 11, OEM 1: 825 chars, confidence: 1.00
INFO:app:Trying preprocessing method: rgb
INFO:app:PSM 6, OEM 3: 869 chars, confidence: 1.00
INFO:app:PSM 6, OEM 1: 869 chars, confidence: 1.00
INFO:app:PSM 4, OEM 3: 745 chars, confidence: 1.00
INFO:app:PSM 4, OEM 1: 745 chars, confidence: 1.00
INFO:app:PSM 3, OEM 3: 698 chars, confidence: 1.00
INFO:app:PSM 3, OEM 1: 698 chars, confidence: 1.00
INFO:app:PSM 8, OEM 3: 3 chars, confidence: 0.02
INFO:app:PSM 8, OEM 1: 3 chars, confidence: 0.02
INFO:app:PSM 11, OEM 3: 816 chars, confidence: 1.00
INFO:app:PSM 11, OEM 1: 816 chars, confidence: 1.00
INFO:app:Best result: adaptive_thresh_psm6_oem3 with confidence 1.00
INFO:app:OCR completed. Method: adaptive_thresh_psm6_oem3, Confidence: 1.00
INFO:app:Extracted text length: 1202 characters
INFO:app:Text preview: p— = mor\nWITIO SMIT GATIMLE\n. Fi CIT a C\n2TUISIAR §\nwalraarks!\nj Save mon eyokis Pettersrs |\n——— Se BBO TWOHTOKORS NO 7 > :\nHER eam OUTER GOT\nj Sta. 2083 “OPH OO007 355 TER: O51TRH- O86 ae\nGOW SPC SEY
INFO:app:Parsing completed. Items found: 0
INFO:     127.0.0.1:55744 - "POST /ocr HTTP/1.1" 200 OK
INFO:app:Processing image of shape: (296356,)
INFO:app:Main perform_ocr: Decoding 1D array of shape (296356,)
INFO:app:Main perform_ocr: Image shape after decoding: (2180, 1636, 3)
INFO:app:Starting robust OCR processing
INFO:app:Image shape after decoding: (2180, 1636, 3)
INFO:app:Trying preprocessing method: adaptive_thresh
INFO:app:PSM 6, OEM 3: 899 chars, confidence: 1.00
INFO:app:PSM 6, OEM 1: 899 chars, confidence: 1.00
INFO:app:PSM 4, OEM 3: 31 chars, confidence: 0.49
INFO:app:PSM 4, OEM 1: 31 chars, confidence: 0.49
INFO:app:PSM 3, OEM 3: 31 chars, confidence: 0.49
INFO:app:PSM 3, OEM 1: 31 chars, confidence: 0.49
INFO:app:PSM 8, OEM 3: 3 chars, confidence: 0.02
INFO:app:PSM 8, OEM 1: 3 chars, confidence: 0.02
INFO:app:PSM 11, OEM 3: 741 chars, confidence: 1.00
INFO:app:PSM 11, OEM 1: 741 chars, confidence: 1.00
INFO:app:Trying preprocessing method: otsu_thresh
INFO:app:PSM 6, OEM 3: 744 chars, confidence: 1.00
INFO:app:PSM 6, OEM 1: 744 chars, confidence: 1.00
INFO:app:PSM 4, OEM 3: 504 chars, confidence: 1.00
INFO:app:PSM 4, OEM 1: 504 chars, confidence: 1.00
INFO:app:PSM 3, OEM 3: 407 chars, confidence: 1.00
INFO:app:PSM 3, OEM 1: 407 chars, confidence: 1.00
INFO:app:PSM 8, OEM 3: 3 chars, confidence: 0.02
INFO:app:PSM 8, OEM 1: 3 chars, confidence: 0.02
INFO:app:PSM 11, OEM 3: 730 chars, confidence: 1.00
INFO:app:PSM 11, OEM 1: 730 chars, confidence: 1.00
INFO:app:Trying preprocessing method: enhanced_thresh
INFO:app:PSM 6, OEM 3: 701 chars, confidence: 1.00
INFO:app:PSM 6, OEM 1: 701 chars, confidence: 1.00
INFO:app:PSM 4, OEM 3: 530 chars, confidence: 1.00
INFO:app:PSM 4, OEM 1: 530 chars, confidence: 1.00
INFO:app:PSM 3, OEM 3: 572 chars, confidence: 1.00
INFO:app:PSM 3, OEM 1: 572 chars, confidence: 1.00
INFO:app:PSM 8, OEM 3: 3 chars, confidence: 0.02
INFO:app:PSM 8, OEM 1: 3 chars, confidence: 0.02
INFO:app:PSM 11, OEM 3: 672 chars, confidence: 1.00
INFO:app:PSM 11, OEM 1: 672 chars, confidence: 1.00
INFO:app:Trying preprocessing method: denoised_thresh
INFO:app:PSM 6, OEM 3: 790 chars, confidence: 1.00
INFO:app:PSM 6, OEM 1: 790 chars, confidence: 1.00
INFO:app:PSM 4, OEM 3: 499 chars, confidence: 1.00
INFO:app:PSM 4, OEM 1: 499 chars, confidence: 1.00
INFO:app:PSM 3, OEM 3: 499 chars, confidence: 1.00
INFO:app:PSM 3, OEM 1: 499 chars, confidence: 1.00
INFO:app:PSM 8, OEM 3: 3 chars, confidence: 0.02
INFO:app:PSM 8, OEM 1: 3 chars, confidence: 0.02
INFO:app:PSM 11, OEM 3: 717 chars, confidence: 1.00
INFO:app:PSM 11, OEM 1: 717 chars, confidence: 1.00
INFO:app:Trying preprocessing method: morphological
INFO:app:PSM 6, OEM 3: 899 chars, confidence: 1.00
INFO:app:PSM 6, OEM 1: 899 chars, confidence: 1.00
INFO:app:PSM 4, OEM 3: 31 chars, confidence: 0.49
INFO:app:PSM 4, OEM 1: 31 chars, confidence: 0.49
INFO:app:PSM 3, OEM 3: 31 chars, confidence: 0.49
INFO:app:PSM 3, OEM 1: 31 chars, confidence: 0.49
INFO:app:PSM 8, OEM 3: 3 chars, confidence: 0.02
INFO:app:PSM 8, OEM 1: 3 chars, confidence: 0.02
INFO:app:PSM 11, OEM 3: 741 chars, confidence: 1.00
INFO:app:PSM 11, OEM 1: 741 chars, confidence: 1.00
INFO:app:Trying preprocessing method: grayscale
INFO:app:PSM 6, OEM 3: 737 chars, confidence: 1.00
INFO:app:PSM 6, OEM 1: 737 chars, confidence: 1.00
INFO:app:PSM 4, OEM 3: 508 chars, confidence: 1.00
INFO:app:PSM 4, OEM 1: 508 chars, confidence: 1.00
INFO:app:PSM 3, OEM 3: 409 chars, confidence: 1.00
INFO:app:PSM 3, OEM 1: 409 chars, confidence: 1.00
INFO:app:PSM 8, OEM 3: 4 chars, confidence: 0.03
INFO:app:PSM 8, OEM 1: 4 chars, confidence: 0.03
INFO:app:PSM 11, OEM 3: 721 chars, confidence: 1.00
INFO:app:PSM 11, OEM 1: 721 chars, confidence: 1.00
INFO:app:Trying preprocessing method: rgb
INFO:app:PSM 6, OEM 3: 736 chars, confidence: 1.00
INFO:app:PSM 6, OEM 1: 736 chars, confidence: 1.00
INFO:app:PSM 4, OEM 3: 675 chars, confidence: 1.00
INFO:app:PSM 4, OEM 1: 675 chars, confidence: 1.00
INFO:app:PSM 3, OEM 3: 695 chars, confidence: 1.00
INFO:app:PSM 3, OEM 1: 695 chars, confidence: 1.00
INFO:app:PSM 8, OEM 3: 4 chars, confidence: 0.03
INFO:app:PSM 8, OEM 1: 4 chars, confidence: 0.03
INFO:app:PSM 11, OEM 3: 732 chars, confidence: 1.00
INFO:app:PSM 11, OEM 1: 732 chars, confidence: 1.00
INFO:app:Best result: adaptive_thresh_psm6_oem3 with confidence 1.00
INFO:app:OCR completed. Method: adaptive_thresh_psm6_oem3, Confidence: 1.00
INFO:app:Extracted text length: 899 characters
INFO:app:Text preview: WisHorticustomercuct [of feos\nsOnvelakeceed ne : lensurvay. at. He, 4 aw sh\nLe pie. ee AN Agen WEY WALMARTCA ea Pee\na on ke iyep ows dhe cae |: Past as Tas i Be ca Ness\nee Aeeots Ee pda a i@) ses rt P
INFO:app:Parsing completed. Items found: 0
INFO:     127.0.0.1:55751 - "POST /ocr HTTP/1.1" 200 OK
INFO:     127.0.0.1:56342 - "GET /health HTTP/1.1" 200 OK
INFO:app:Processing image of shape: (296356,)
INFO:app:Main perform_ocr: Decoding 1D array of shape (296356,)
INFO:app:Main perform_ocr: Image shape after decoding: (2180, 1636, 3)
INFO:app:Starting robust OCR processing
INFO:app:Image shape after decoding: (2180, 1636, 3)
INFO:app:Trying preprocessing method: adaptive_thresh
INFO:app:PSM 6, OEM 3: 899 chars, confidence: 1.00
INFO:app:PSM 6, OEM 1: 899 chars, confidence: 1.00
INFO:app:PSM 4, OEM 3: 31 chars, confidence: 0.49
INFO:app:PSM 4, OEM 1: 31 chars, confidence: 0.49
INFO:app:PSM 3, OEM 3: 31 chars, confidence: 0.49
INFO:app:PSM 3, OEM 1: 31 chars, confidence: 0.49
INFO:app:PSM 8, OEM 3: 3 chars, confidence: 0.02
INFO:app:PSM 8, OEM 1: 3 chars, confidence: 0.02
INFO:app:PSM 11, OEM 3: 741 chars, confidence: 1.00
INFO:app:PSM 11, OEM 1: 741 chars, confidence: 1.00
INFO:app:Trying preprocessing method: otsu_thresh
INFO:app:PSM 6, OEM 3: 744 chars, confidence: 1.00
INFO:app:PSM 6, OEM 1: 744 chars, confidence: 1.00
INFO:app:PSM 4, OEM 3: 504 chars, confidence: 1.00
INFO:app:PSM 4, OEM 1: 504 chars, confidence: 1.00
INFO:app:PSM 3, OEM 3: 407 chars, confidence: 1.00
INFO:app:PSM 3, OEM 1: 407 chars, confidence: 1.00
INFO:app:PSM 8, OEM 3: 3 chars, confidence: 0.02
INFO:app:PSM 8, OEM 1: 3 chars, confidence: 0.02
INFO:app:PSM 11, OEM 3: 730 chars, confidence: 1.00
INFO:app:PSM 11, OEM 1: 730 chars, confidence: 1.00
INFO:app:Trying preprocessing method: enhanced_thresh
INFO:app:PSM 6, OEM 3: 701 chars, confidence: 1.00
INFO:app:PSM 6, OEM 1: 701 chars, confidence: 1.00
INFO:app:PSM 4, OEM 3: 530 chars, confidence: 1.00
INFO:app:PSM 4, OEM 1: 530 chars, confidence: 1.00
INFO:app:PSM 3, OEM 3: 572 chars, confidence: 1.00
INFO:app:PSM 3, OEM 1: 572 chars, confidence: 1.00
INFO:app:PSM 8, OEM 3: 3 chars, confidence: 0.02
INFO:app:PSM 8, OEM 1: 3 chars, confidence: 0.02
INFO:app:PSM 11, OEM 3: 672 chars, confidence: 1.00
INFO:app:PSM 11, OEM 1: 672 chars, confidence: 1.00
INFO:app:Trying preprocessing method: denoised_thresh
INFO:app:PSM 6, OEM 3: 790 chars, confidence: 1.00
INFO:app:PSM 6, OEM 1: 790 chars, confidence: 1.00
INFO:app:PSM 4, OEM 3: 499 chars, confidence: 1.00
INFO:app:PSM 4, OEM 1: 499 chars, confidence: 1.00
INFO:app:PSM 3, OEM 3: 499 chars, confidence: 1.00
INFO:app:PSM 3, OEM 1: 499 chars, confidence: 1.00
INFO:app:PSM 8, OEM 3: 3 chars, confidence: 0.02
INFO:app:PSM 8, OEM 1: 3 chars, confidence: 0.02
INFO:app:PSM 11, OEM 3: 717 chars, confidence: 1.00
INFO:app:PSM 11, OEM 1: 717 chars, confidence: 1.00
INFO:app:Trying preprocessing method: morphological
INFO:app:PSM 6, OEM 3: 899 chars, confidence: 1.00
INFO:app:PSM 6, OEM 1: 899 chars, confidence: 1.00
INFO:app:PSM 4, OEM 3: 31 chars, confidence: 0.49
INFO:app:PSM 4, OEM 1: 31 chars, confidence: 0.49
INFO:app:PSM 3, OEM 3: 31 chars, confidence: 0.49
INFO:app:PSM 3, OEM 1: 31 chars, confidence: 0.49
INFO:app:PSM 8, OEM 3: 3 chars, confidence: 0.02
INFO:app:PSM 8, OEM 1: 3 chars, confidence: 0.02
INFO:app:PSM 11, OEM 3: 741 chars, confidence: 1.00
INFO:app:PSM 11, OEM 1: 741 chars, confidence: 1.00
INFO:app:Trying preprocessing method: grayscale
INFO:app:PSM 6, OEM 3: 737 chars, confidence: 1.00
INFO:app:PSM 6, OEM 1: 737 chars, confidence: 1.00
INFO:app:PSM 4, OEM 3: 508 chars, confidence: 1.00
INFO:app:PSM 4, OEM 1: 508 chars, confidence: 1.00
INFO:app:PSM 3, OEM 3: 409 chars, confidence: 1.00
INFO:app:PSM 3, OEM 1: 409 chars, confidence: 1.00
INFO:app:PSM 8, OEM 3: 4 chars, confidence: 0.03
INFO:app:PSM 8, OEM 1: 4 chars, confidence: 0.03
INFO:app:PSM 11, OEM 3: 721 chars, confidence: 1.00
INFO:app:PSM 11, OEM 1: 721 chars, confidence: 1.00
INFO:app:Trying preprocessing method: rgb
INFO:app:PSM 6, OEM 3: 736 chars, confidence: 1.00
INFO:app:PSM 6, OEM 1: 736 chars, confidence: 1.00
INFO:app:PSM 4, OEM 3: 675 chars, confidence: 1.00
INFO:app:PSM 4, OEM 1: 675 chars, confidence: 1.00
INFO:app:PSM 3, OEM 3: 695 chars, confidence: 1.00
INFO:app:PSM 3, OEM 1: 695 chars, confidence: 1.00
INFO:app:PSM 8, OEM 3: 4 chars, confidence: 0.03
INFO:app:PSM 8, OEM 1: 4 chars, confidence: 0.03
INFO:app:PSM 11, OEM 3: 732 chars, confidence: 1.00
INFO:app:PSM 11, OEM 1: 732 chars, confidence: 1.00
INFO:app:Best result: adaptive_thresh_psm6_oem3 with confidence 1.00
INFO:app:OCR completed. Method: adaptive_thresh_psm6_oem3, Confidence: 1.00
INFO:app:Extracted text length: 899 characters
INFO:app:Text preview: WisHorticustomercuct [of feos\nsOnvelakeceed ne : lensurvay. at. He, 4 aw sh\nLe pie. ee AN Agen WEY WALMARTCA ea Pee\na on ke iyep ows dhe cae |: Past as Tas i Be ca Ness\nee Aeeots Ee pda a i@) ses rt P
INFO:app:Parsing completed. Items found: 0
INFO:     127.0.0.1:56343 - "POST /ocr HTTP/1.1" 200 OK
INFO:     127.0.0.1:56351 - "GET /health HTTP/1.1" 200 OK
INFO:     127.0.0.1:56353 - "GET /health HTTP/1.1" 200 OK
INFO:     127.0.0.1:56401 - "GET /health HTTP/1.1" 200 OK
INFO:     127.0.0.1:56426 - "GET /health HTTP/1.1" 200 OK
INFO:app:Processing image of shape: (78146,)
INFO:app:Main perform_ocr: Decoding 1D array of shape (78146,)
INFO:app:Main perform_ocr: Image shape after decoding: (1024, 683, 3)
INFO:app:Starting robust OCR processing
INFO:app:Image shape after decoding: (1024, 683, 3)
INFO:app:Trying preprocessing method: adaptive_thresh
INFO:app:PSM 6, OEM 3: 1202 chars, confidence: 1.00
INFO:app:PSM 6, OEM 1: 1202 chars, confidence: 1.00
INFO:app:PSM 4, OEM 3: 624 chars, confidence: 1.00
INFO:app:PSM 4, OEM 1: 624 chars, confidence: 1.00
INFO:app:PSM 3, OEM 3: 722 chars, confidence: 1.00
INFO:app:PSM 3, OEM 1: 722 chars, confidence: 1.00
INFO:app:PSM 8, OEM 3: 2 chars, confidence: 0.03
INFO:app:PSM 8, OEM 1: 2 chars, confidence: 0.03
INFO:app:PSM 11, OEM 3: 979 chars, confidence: 1.00
INFO:app:PSM 11, OEM 1: 979 chars, confidence: 1.00
INFO:app:Trying preprocessing method: otsu_thresh
INFO:app:PSM 6, OEM 3: 874 chars, confidence: 1.00
INFO:app:PSM 6, OEM 1: 874 chars, confidence: 1.00
INFO:app:PSM 4, OEM 3: 812 chars, confidence: 1.00
INFO:app:PSM 4, OEM 1: 812 chars, confidence: 1.00
INFO:app:PSM 3, OEM 3: 770 chars, confidence: 1.00
INFO:app:PSM 3, OEM 1: 770 chars, confidence: 1.00
INFO:app:PSM 8, OEM 3: 3 chars, confidence: 0.02
INFO:app:PSM 8, OEM 1: 3 chars, confidence: 0.02
INFO:app:PSM 11, OEM 3: 830 chars, confidence: 1.00
INFO:app:PSM 11, OEM 1: 830 chars, confidence: 1.00
INFO:app:Trying preprocessing method: enhanced_thresh
INFO:app:PSM 6, OEM 3: 831 chars, confidence: 1.00
INFO:app:PSM 6, OEM 1: 831 chars, confidence: 1.00
INFO:app:PSM 4, OEM 3: 780 chars, confidence: 1.00
INFO:app:PSM 4, OEM 1: 780 chars, confidence: 1.00
INFO:app:PSM 3, OEM 3: 875 chars, confidence: 1.00
INFO:app:PSM 3, OEM 1: 875 chars, confidence: 1.00
INFO:app:PSM 8, OEM 3: 3 chars, confidence: 0.02
INFO:app:PSM 8, OEM 1: 3 chars, confidence: 0.02
INFO:app:PSM 11, OEM 3: 838 chars, confidence: 1.00
INFO:app:PSM 11, OEM 1: 838 chars, confidence: 1.00
INFO:app:Trying preprocessing method: denoised_thresh
INFO:app:PSM 6, OEM 3: 859 chars, confidence: 1.00
INFO:app:PSM 6, OEM 1: 859 chars, confidence: 1.00
INFO:app:PSM 4, OEM 3: 812 chars, confidence: 1.00
INFO:app:PSM 4, OEM 1: 812 chars, confidence: 1.00
INFO:app:PSM 3, OEM 3: 771 chars, confidence: 1.00
INFO:app:PSM 3, OEM 1: 771 chars, confidence: 1.00
INFO:app:PSM 8, OEM 3: 3 chars, confidence: 0.02
INFO:app:PSM 8, OEM 1: 3 chars, confidence: 0.02
INFO:app:PSM 11, OEM 3: 831 chars, confidence: 1.00
INFO:app:PSM 11, OEM 1: 831 chars, confidence: 1.00
INFO:app:Trying preprocessing method: morphological
INFO:app:PSM 6, OEM 3: 1202 chars, confidence: 1.00
INFO:app:PSM 6, OEM 1: 1202 chars, confidence: 1.00
INFO:app:PSM 4, OEM 3: 624 chars, confidence: 1.00
INFO:app:PSM 4, OEM 1: 624 chars, confidence: 1.00
INFO:app:PSM 3, OEM 3: 722 chars, confidence: 1.00
INFO:app:PSM 3, OEM 1: 722 chars, confidence: 1.00
INFO:app:PSM 8, OEM 3: 2 chars, confidence: 0.03
INFO:app:PSM 8, OEM 1: 2 chars, confidence: 0.03
INFO:app:PSM 11, OEM 3: 979 chars, confidence: 1.00
INFO:app:PSM 11, OEM 1: 979 chars, confidence: 1.00
INFO:app:Trying preprocessing method: grayscale
INFO:app:PSM 6, OEM 3: 868 chars, confidence: 1.00
INFO:app:PSM 6, OEM 1: 868 chars, confidence: 1.00
INFO:app:PSM 4, OEM 3: 801 chars, confidence: 1.00
INFO:app:PSM 4, OEM 1: 801 chars, confidence: 1.00
INFO:app:PSM 3, OEM 3: 744 chars, confidence: 1.00
INFO:app:PSM 3, OEM 1: 744 chars, confidence: 1.00
INFO:app:PSM 8, OEM 3: 2 chars, confidence: 0.01
INFO:app:PSM 8, OEM 1: 2 chars, confidence: 0.01
INFO:app:PSM 11, OEM 3: 825 chars, confidence: 1.00
INFO:app:PSM 11, OEM 1: 825 chars, confidence: 1.00
INFO:app:Trying preprocessing method: rgb
INFO:app:PSM 6, OEM 3: 869 chars, confidence: 1.00
INFO:app:PSM 6, OEM 1: 869 chars, confidence: 1.00
INFO:app:PSM 4, OEM 3: 745 chars, confidence: 1.00
INFO:app:PSM 4, OEM 1: 745 chars, confidence: 1.00
INFO:app:PSM 3, OEM 3: 698 chars, confidence: 1.00
INFO:app:PSM 3, OEM 1: 698 chars, confidence: 1.00
INFO:app:PSM 8, OEM 3: 3 chars, confidence: 0.02
INFO:app:PSM 8, OEM 1: 3 chars, confidence: 0.02
INFO:app:PSM 11, OEM 3: 816 chars, confidence: 1.00
INFO:app:PSM 11, OEM 1: 816 chars, confidence: 1.00
INFO:app:Best result: adaptive_thresh_psm6_oem3 with confidence 1.00
INFO:app:OCR completed. Method: adaptive_thresh_psm6_oem3, Confidence: 1.00
INFO:app:Extracted text length: 1202 characters
INFO:app:Text preview: p— = mor\nWITIO SMIT GATIMLE\n. Fi CIT a C\n2TUISIAR §\nwalraarks!\nj Save mon eyokis Pettersrs |\n——— Se BBO TWOHTOKORS NO 7 > :\nHER eam OUTER GOT\nj Sta. 2083 “OPH OO007 355 TER: O51TRH- O86 ae\nGOW SPC SEY
INFO:app:Parsing completed. Items found: 0
INFO:     127.0.0.1:56427 - "POST /ocr HTTP/1.1" 200 OK
INFO:     127.0.0.1:56443 - "GET /health HTTP/1.1" 200 OK
INFO:     127.0.0.1:56445 - "GET /health HTTP/1.1" 200 OK
INFO:app:Processing image of shape: (78146,)
INFO:app:Main perform_ocr: Decoding 1D array of shape (78146,)
INFO:app:Main perform_ocr: Image shape after decoding: (1024, 683, 3)
INFO:app:Starting robust OCR processing
INFO:app:Image shape after decoding: (1024, 683, 3)
INFO:app:Trying preprocessing method: adaptive_thresh
INFO:app:PSM 6, OEM 3: 1202 chars, confidence: 1.00
INFO:app:PSM 6, OEM 1: 1202 chars, confidence: 1.00
INFO:app:PSM 4, OEM 3: 624 chars, confidence: 1.00
INFO:app:PSM 4, OEM 1: 624 chars, confidence: 1.00
INFO:app:PSM 3, OEM 3: 722 chars, confidence: 1.00
INFO:app:PSM 3, OEM 1: 722 chars, confidence: 1.00
INFO:app:PSM 8, OEM 3: 2 chars, confidence: 0.03
INFO:app:PSM 8, OEM 1: 2 chars, confidence: 0.03
INFO:app:PSM 11, OEM 3: 979 chars, confidence: 1.00
INFO:app:PSM 11, OEM 1: 979 chars, confidence: 1.00
INFO:app:Trying preprocessing method: otsu_thresh
INFO:app:PSM 6, OEM 3: 874 chars, confidence: 1.00
INFO:app:PSM 6, OEM 1: 874 chars, confidence: 1.00
INFO:app:PSM 4, OEM 3: 812 chars, confidence: 1.00
INFO:app:PSM 4, OEM 1: 812 chars, confidence: 1.00
INFO:app:PSM 3, OEM 3: 770 chars, confidence: 1.00
INFO:app:PSM 3, OEM 1: 770 chars, confidence: 1.00
INFO:app:PSM 8, OEM 3: 3 chars, confidence: 0.02
INFO:app:PSM 8, OEM 1: 3 chars, confidence: 0.02
INFO:app:PSM 11, OEM 3: 830 chars, confidence: 1.00
INFO:app:PSM 11, OEM 1: 830 chars, confidence: 1.00
INFO:app:Trying preprocessing method: enhanced_thresh
INFO:app:PSM 6, OEM 3: 831 chars, confidence: 1.00
INFO:app:PSM 6, OEM 1: 831 chars, confidence: 1.00
INFO:app:PSM 4, OEM 3: 780 chars, confidence: 1.00
INFO:app:PSM 4, OEM 1: 780 chars, confidence: 1.00
INFO:app:PSM 3, OEM 3: 875 chars, confidence: 1.00
INFO:app:PSM 3, OEM 1: 875 chars, confidence: 1.00
INFO:app:PSM 8, OEM 3: 3 chars, confidence: 0.02
INFO:app:PSM 8, OEM 1: 3 chars, confidence: 0.02
INFO:app:PSM 11, OEM 3: 838 chars, confidence: 1.00
INFO:app:PSM 11, OEM 1: 838 chars, confidence: 1.00
INFO:app:Trying preprocessing method: denoised_thresh
INFO:app:PSM 6, OEM 3: 859 chars, confidence: 1.00
INFO:app:PSM 6, OEM 1: 859 chars, confidence: 1.00
INFO:app:PSM 4, OEM 3: 812 chars, confidence: 1.00
INFO:app:PSM 4, OEM 1: 812 chars, confidence: 1.00
INFO:app:PSM 3, OEM 3: 771 chars, confidence: 1.00
INFO:app:PSM 3, OEM 1: 771 chars, confidence: 1.00
INFO:app:PSM 8, OEM 3: 3 chars, confidence: 0.02
INFO:app:PSM 8, OEM 1: 3 chars, confidence: 0.02
INFO:app:PSM 11, OEM 3: 831 chars, confidence: 1.00
INFO:app:PSM 11, OEM 1: 831 chars, confidence: 1.00
INFO:app:Trying preprocessing method: morphological
INFO:app:PSM 6, OEM 3: 1202 chars, confidence: 1.00
INFO:app:PSM 6, OEM 1: 1202 chars, confidence: 1.00
INFO:app:PSM 4, OEM 3: 624 chars, confidence: 1.00
INFO:app:PSM 4, OEM 1: 624 chars, confidence: 1.00
INFO:app:PSM 3, OEM 3: 722 chars, confidence: 1.00
INFO:app:PSM 3, OEM 1: 722 chars, confidence: 1.00
INFO:app:PSM 8, OEM 3: 2 chars, confidence: 0.03
INFO:app:PSM 8, OEM 1: 2 chars, confidence: 0.03
INFO:app:PSM 11, OEM 3: 979 chars, confidence: 1.00
INFO:app:PSM 11, OEM 1: 979 chars, confidence: 1.00
INFO:app:Trying preprocessing method: grayscale
INFO:app:PSM 6, OEM 3: 868 chars, confidence: 1.00
INFO:app:PSM 6, OEM 1: 868 chars, confidence: 1.00
INFO:app:PSM 4, OEM 3: 801 chars, confidence: 1.00
INFO:app:PSM 4, OEM 1: 801 chars, confidence: 1.00
INFO:app:PSM 3, OEM 3: 744 chars, confidence: 1.00
INFO:app:PSM 3, OEM 1: 744 chars, confidence: 1.00
INFO:app:PSM 8, OEM 3: 2 chars, confidence: 0.01
INFO:app:PSM 8, OEM 1: 2 chars, confidence: 0.01
INFO:app:PSM 11, OEM 3: 825 chars, confidence: 1.00
INFO:app:PSM 11, OEM 1: 825 chars, confidence: 1.00
INFO:app:Trying preprocessing method: rgb
INFO:app:PSM 6, OEM 3: 869 chars, confidence: 1.00
INFO:app:PSM 6, OEM 1: 869 chars, confidence: 1.00
INFO:app:PSM 4, OEM 3: 745 chars, confidence: 1.00
INFO:app:PSM 4, OEM 1: 745 chars, confidence: 1.00
INFO:app:PSM 3, OEM 3: 698 chars, confidence: 1.00
INFO:app:PSM 3, OEM 1: 698 chars, confidence: 1.00
INFO:app:PSM 8, OEM 3: 3 chars, confidence: 0.02
INFO:app:PSM 8, OEM 1: 3 chars, confidence: 0.02
INFO:app:PSM 11, OEM 3: 816 chars, confidence: 1.00
INFO:app:PSM 11, OEM 1: 816 chars, confidence: 1.00
INFO:app:Best result: adaptive_thresh_psm6_oem3 with confidence 1.00
INFO:app:OCR completed. Method: adaptive_thresh_psm6_oem3, Confidence: 1.00
INFO:app:Extracted text length: 1202 characters
INFO:app:Text preview: p— = mor\nWITIO SMIT GATIMLE\n. Fi CIT a C\n2TUISIAR §\nwalraarks!\nj Save mon eyokis Pettersrs |\n——— Se BBO TWOHTOKORS NO 7 > :\nHER eam OUTER GOT\nj Sta. 2083 “OPH OO007 355 TER: O51TRH- O86 ae\nGOW SPC SEY
INFO:app:Parsing completed. Items found: 0
INFO:     127.0.0.1:56446 - "POST /ocr HTTP/1.1" 200 OK
INFO:     127.0.0.1:56462 - "GET /health HTTP/1.1" 200 OK
INFO:app:Processing uploaded file: receipt.png
INFO:app:Main perform_ocr: Decoding 1D array of shape (296356,)
INFO:app:Main perform_ocr: Image shape after decoding: (2180, 1636, 3)
INFO:app:Starting robust OCR processing
INFO:app:Image shape after decoding: (2180, 1636, 3)
INFO:app:Trying preprocessing method: adaptive_thresh
INFO:app:PSM 6, OEM 3: 899 chars, confidence: 1.00
INFO:app:PSM 6, OEM 1: 899 chars, confidence: 1.00
INFO:app:PSM 4, OEM 3: 31 chars, confidence: 0.49
INFO:app:PSM 4, OEM 1: 31 chars, confidence: 0.49
INFO:app:PSM 3, OEM 3: 31 chars, confidence: 0.49
INFO:app:PSM 3, OEM 1: 31 chars, confidence: 0.49
INFO:app:PSM 8, OEM 3: 3 chars, confidence: 0.02
INFO:app:PSM 8, OEM 1: 3 chars, confidence: 0.02
INFO:app:PSM 11, OEM 3: 741 chars, confidence: 1.00
INFO:app:PSM 11, OEM 1: 741 chars, confidence: 1.00
INFO:app:Trying preprocessing method: otsu_thresh
INFO:app:PSM 6, OEM 3: 744 chars, confidence: 1.00
INFO:app:PSM 6, OEM 1: 744 chars, confidence: 1.00
INFO:app:PSM 4, OEM 3: 504 chars, confidence: 1.00
INFO:app:PSM 4, OEM 1: 504 chars, confidence: 1.00
INFO:app:PSM 3, OEM 3: 407 chars, confidence: 1.00
INFO:app:PSM 3, OEM 1: 407 chars, confidence: 1.00
INFO:app:PSM 8, OEM 3: 3 chars, confidence: 0.02
INFO:app:PSM 8, OEM 1: 3 chars, confidence: 0.02
INFO:app:PSM 11, OEM 3: 730 chars, confidence: 1.00
INFO:app:PSM 11, OEM 1: 730 chars, confidence: 1.00
INFO:app:Trying preprocessing method: enhanced_thresh
INFO:app:PSM 6, OEM 3: 701 chars, confidence: 1.00
INFO:app:PSM 6, OEM 1: 701 chars, confidence: 1.00
INFO:app:PSM 4, OEM 3: 530 chars, confidence: 1.00
INFO:app:PSM 4, OEM 1: 530 chars, confidence: 1.00
INFO:app:PSM 3, OEM 3: 572 chars, confidence: 1.00
INFO:app:PSM 3, OEM 1: 572 chars, confidence: 1.00
INFO:app:PSM 8, OEM 3: 3 chars, confidence: 0.02
INFO:app:PSM 8, OEM 1: 3 chars, confidence: 0.02
INFO:app:PSM 11, OEM 3: 672 chars, confidence: 1.00
INFO:app:PSM 11, OEM 1: 672 chars, confidence: 1.00
INFO:app:Trying preprocessing method: denoised_thresh
INFO:app:PSM 6, OEM 3: 790 chars, confidence: 1.00
INFO:app:PSM 6, OEM 1: 790 chars, confidence: 1.00
INFO:app:PSM 4, OEM 3: 499 chars, confidence: 1.00
INFO:app:PSM 4, OEM 1: 499 chars, confidence: 1.00
INFO:app:PSM 3, OEM 3: 499 chars, confidence: 1.00
INFO:app:PSM 3, OEM 1: 499 chars, confidence: 1.00
INFO:app:PSM 8, OEM 3: 3 chars, confidence: 0.02
INFO:app:PSM 8, OEM 1: 3 chars, confidence: 0.02
INFO:app:PSM 11, OEM 3: 717 chars, confidence: 1.00
INFO:app:PSM 11, OEM 1: 717 chars, confidence: 1.00
INFO:app:Trying preprocessing method: morphological
INFO:app:PSM 6, OEM 3: 899 chars, confidence: 1.00
INFO:app:PSM 6, OEM 1: 899 chars, confidence: 1.00
INFO:app:PSM 4, OEM 3: 31 chars, confidence: 0.49
INFO:app:PSM 4, OEM 1: 31 chars, confidence: 0.49
INFO:app:PSM 3, OEM 3: 31 chars, confidence: 0.49
INFO:app:PSM 3, OEM 1: 31 chars, confidence: 0.49
INFO:app:PSM 8, OEM 3: 3 chars, confidence: 0.02
INFO:app:PSM 8, OEM 1: 3 chars, confidence: 0.02
INFO:app:PSM 11, OEM 3: 741 chars, confidence: 1.00
INFO:app:PSM 11, OEM 1: 741 chars, confidence: 1.00
INFO:app:Trying preprocessing method: grayscale
INFO:app:PSM 6, OEM 3: 737 chars, confidence: 1.00
INFO:app:PSM 6, OEM 1: 737 chars, confidence: 1.00
INFO:app:PSM 4, OEM 3: 508 chars, confidence: 1.00
INFO:app:PSM 4, OEM 1: 508 chars, confidence: 1.00
INFO:app:PSM 3, OEM 3: 409 chars, confidence: 1.00
INFO:app:PSM 3, OEM 1: 409 chars, confidence: 1.00
INFO:app:PSM 8, OEM 3: 4 chars, confidence: 0.03
INFO:app:PSM 8, OEM 1: 4 chars, confidence: 0.03
INFO:app:PSM 11, OEM 3: 721 chars, confidence: 1.00
INFO:app:PSM 11, OEM 1: 721 chars, confidence: 1.00
INFO:app:Trying preprocessing method: rgb
INFO:app:PSM 6, OEM 3: 736 chars, confidence: 1.00
INFO:app:PSM 6, OEM 1: 736 chars, confidence: 1.00
INFO:app:PSM 4, OEM 3: 675 chars, confidence: 1.00
INFO:app:PSM 4, OEM 1: 675 chars, confidence: 1.00
INFO:app:PSM 3, OEM 3: 695 chars, confidence: 1.00
INFO:app:PSM 3, OEM 1: 695 chars, confidence: 1.00
INFO:app:PSM 8, OEM 3: 4 chars, confidence: 0.03
INFO:app:PSM 8, OEM 1: 4 chars, confidence: 0.03
INFO:app:PSM 11, OEM 3: 732 chars, confidence: 1.00
INFO:app:PSM 11, OEM 1: 732 chars, confidence: 1.00
INFO:app:Best result: adaptive_thresh_psm6_oem3 with confidence 1.00
INFO:app:OCR completed. Method: adaptive_thresh_psm6_oem3, Confidence: 1.00
INFO:app:Extracted text length: 899 characters
INFO:app:Text preview: WisHorticustomercuct [of feos\nsOnvelakeceed ne : lensurvay. at. He, 4 aw sh\nLe pie. ee AN Agen WEY WALMARTCA ea Pee\na on ke iyep ows dhe cae |: Past as Tas i Be ca Ness\nee Aeeots Ee pda a i@) ses rt P
INFO:app:Parsing completed. Items found: 0
INFO:     127.0.0.1:56463 - "POST /ocr/ HTTP/1.1" 200 OK
INFO:     127.0.0.1:56479 - "GET /health HTTP/1.1" 200 OK
INFO:     127.0.0.1:56525 - "GET /health HTTP/1.1" 200 OK
INFO:app:Processing uploaded file: receipt.png
INFO:app:Main perform_ocr: Decoding 1D array of shape (296356,)
INFO:app:Main perform_ocr: Image shape after decoding: (2180, 1636, 3)
INFO:app:Starting robust OCR processing
INFO:app:Image shape after decoding: (2180, 1636, 3)
INFO:app:Trying preprocessing method: adaptive_thresh
INFO:app:PSM 6, OEM 3: 899 chars, confidence: 1.00
INFO:app:PSM 6, OEM 1: 899 chars, confidence: 1.00
INFO:app:PSM 4, OEM 3: 31 chars, confidence: 0.49
INFO:app:PSM 4, OEM 1: 31 chars, confidence: 0.49
INFO:app:PSM 3, OEM 3: 31 chars, confidence: 0.49
INFO:app:PSM 3, OEM 1: 31 chars, confidence: 0.49
INFO:app:PSM 8, OEM 3: 3 chars, confidence: 0.02
INFO:app:PSM 8, OEM 1: 3 chars, confidence: 0.02
INFO:app:PSM 11, OEM 3: 741 chars, confidence: 1.00
INFO:app:PSM 11, OEM 1: 741 chars, confidence: 1.00
INFO:app:Trying preprocessing method: otsu_thresh
INFO:app:PSM 6, OEM 3: 744 chars, confidence: 1.00
INFO:app:PSM 6, OEM 1: 744 chars, confidence: 1.00
INFO:app:PSM 4, OEM 3: 504 chars, confidence: 1.00
INFO:app:PSM 4, OEM 1: 504 chars, confidence: 1.00
INFO:app:PSM 3, OEM 3: 407 chars, confidence: 1.00
INFO:app:PSM 3, OEM 1: 407 chars, confidence: 1.00
INFO:app:PSM 8, OEM 3: 3 chars, confidence: 0.02
INFO:app:PSM 8, OEM 1: 3 chars, confidence: 0.02
INFO:app:PSM 11, OEM 3: 730 chars, confidence: 1.00
INFO:app:PSM 11, OEM 1: 730 chars, confidence: 1.00
INFO:app:Trying preprocessing method: enhanced_thresh
INFO:app:PSM 6, OEM 3: 701 chars, confidence: 1.00
INFO:app:PSM 6, OEM 1: 701 chars, confidence: 1.00
INFO:app:PSM 4, OEM 3: 530 chars, confidence: 1.00
INFO:app:PSM 4, OEM 1: 530 chars, confidence: 1.00
INFO:app:PSM 3, OEM 3: 572 chars, confidence: 1.00
INFO:app:PSM 3, OEM 1: 572 chars, confidence: 1.00
INFO:app:PSM 8, OEM 3: 3 chars, confidence: 0.02
INFO:app:PSM 8, OEM 1: 3 chars, confidence: 0.02
INFO:app:PSM 11, OEM 3: 672 chars, confidence: 1.00
INFO:app:PSM 11, OEM 1: 672 chars, confidence: 1.00
INFO:app:Trying preprocessing method: denoised_thresh
INFO:app:PSM 6, OEM 3: 790 chars, confidence: 1.00
INFO:app:PSM 6, OEM 1: 790 chars, confidence: 1.00
INFO:app:PSM 4, OEM 3: 499 chars, confidence: 1.00
INFO:app:PSM 4, OEM 1: 499 chars, confidence: 1.00
INFO:app:PSM 3, OEM 3: 499 chars, confidence: 1.00
INFO:app:PSM 3, OEM 1: 499 chars, confidence: 1.00
INFO:app:PSM 8, OEM 3: 3 chars, confidence: 0.02
INFO:app:PSM 8, OEM 1: 3 chars, confidence: 0.02
INFO:app:PSM 11, OEM 3: 717 chars, confidence: 1.00
INFO:app:PSM 11, OEM 1: 717 chars, confidence: 1.00
INFO:app:Trying preprocessing method: morphological
INFO:app:PSM 6, OEM 3: 899 chars, confidence: 1.00
INFO:app:PSM 6, OEM 1: 899 chars, confidence: 1.00
INFO:app:PSM 4, OEM 3: 31 chars, confidence: 0.49
INFO:app:PSM 4, OEM 1: 31 chars, confidence: 0.49
INFO:app:PSM 3, OEM 3: 31 chars, confidence: 0.49
INFO:app:PSM 3, OEM 1: 31 chars, confidence: 0.49
INFO:app:PSM 8, OEM 3: 3 chars, confidence: 0.02
INFO:app:PSM 8, OEM 1: 3 chars, confidence: 0.02
INFO:app:PSM 11, OEM 3: 741 chars, confidence: 1.00
INFO:app:PSM 11, OEM 1: 741 chars, confidence: 1.00
INFO:app:Trying preprocessing method: grayscale
INFO:app:PSM 6, OEM 3: 737 chars, confidence: 1.00
INFO:app:PSM 6, OEM 1: 737 chars, confidence: 1.00
INFO:app:PSM 4, OEM 3: 508 chars, confidence: 1.00
INFO:app:PSM 4, OEM 1: 508 chars, confidence: 1.00
INFO:app:PSM 3, OEM 3: 409 chars, confidence: 1.00
INFO:app:PSM 3, OEM 1: 409 chars, confidence: 1.00
INFO:app:PSM 8, OEM 3: 4 chars, confidence: 0.03
INFO:app:PSM 8, OEM 1: 4 chars, confidence: 0.03
INFO:app:PSM 11, OEM 3: 721 chars, confidence: 1.00
INFO:app:PSM 11, OEM 1: 721 chars, confidence: 1.00
INFO:app:Trying preprocessing method: rgb
INFO:app:PSM 6, OEM 3: 736 chars, confidence: 1.00
INFO:app:PSM 6, OEM 1: 736 chars, confidence: 1.00
INFO:app:PSM 4, OEM 3: 675 chars, confidence: 1.00
INFO:app:PSM 4, OEM 1: 675 chars, confidence: 1.00
INFO:app:PSM 3, OEM 3: 695 chars, confidence: 1.00
INFO:app:PSM 3, OEM 1: 695 chars, confidence: 1.00
INFO:app:PSM 8, OEM 3: 4 chars, confidence: 0.03
INFO:app:PSM 8, OEM 1: 4 chars, confidence: 0.03
INFO:app:PSM 11, OEM 3: 732 chars, confidence: 1.00
INFO:app:PSM 11, OEM 1: 732 chars, confidence: 1.00
INFO:app:Best result: adaptive_thresh_psm6_oem3 with confidence 1.00
INFO:app:OCR completed. Method: adaptive_thresh_psm6_oem3, Confidence: 1.00
INFO:app:Extracted text length: 899 characters
INFO:app:Text preview: WisHorticustomercuct [of feos\nsOnvelakeceed ne : lensurvay. at. He, 4 aw sh\nLe pie. ee AN Agen WEY WALMARTCA ea Pee\na on ke iyep ows dhe cae |: Past as Tas i Be ca Ness\nee Aeeots Ee pda a i@) ses rt P
INFO:app:Parsing completed. Items found: 0
INFO:     127.0.0.1:56528 - "POST /ocr/ HTTP/1.1" 200 OK
INFO:     Shutting down
INFO:     Waiting for application shutdown.
INFO:     Application shutdown complete.
INFO:     Finished server process [21597]
