2025-06-28T19:43:32.334570 | COM3PCSET088851018239 9.44x | COM3PCSET088851018239 9.44x
2025-06-28T19:43:32.334702 | COM3PKBDS088614999361 7.24X | COM3PKBDS088614999361 7.24X
2025-06-28T19:43:32.334738 | COMBDS 088614999352 1.24% | COMBDS 088614999352 1.24%
2025-06-28T19:43:32.334787 | DRSMITHS 030178033003 T.97N | DRSMITHS 030178033003 T.97N
2025-06-28T19:43:32.334817 | COM2PKHAIR007163412962 4.97% | COM2PKHAIR007163412962 4.97%
2025-06-28T19:43:32.334851 | BABYWIPES003700087095 1.97X | BABYWIPES003700087095 1.97X
2025-06-28T19:43:32.334912 | COM4PKSOCK007153413049 4.97% | COM4PKSOCK007153413049 4.97%
2025-06-28T19:43:32.334958 | COM4PKSOCK007153413048 4.97% | COM4PKSOCK007153413048 4.97%
2025-06-28T19:43:32.334991 | s 1POPUG073004721376373 2.00X | s 1POPUG073004721376373 2.00X
2025-06-28T19:43:32.335074 | 7 RS 003700086358 24.94X | 7 RS 003700086358 24.94X
2025-06-28T19:43:32.335240 | BRNMSANML004400000379F 1.48N | BRNMSANML004400000379F 1.48N
2025-06-28T19:43:32.335288 | PATROL077898806441 6.97X | PATROL077898806441 6.97X
2025-06-28T19:43:32.335321 | COM3PCSET088851018239 9.44x | COM3PCSET088851018239 9.44x
2025-06-28T19:43:32.335537 | COM3PKBDS088614999361 7.24X | COM3PKBDS088614999361 7.24X
2025-06-28T19:43:32.335638 | COMBDS 088614999352 1.24% | COMBDS 088614999352 1.24%
2025-06-28T19:43:32.335670 | DRSMITHS 030178033003 T.97N | DRSMITHS 030178033003 T.97N
2025-06-28T19:43:32.335696 | COM2PKHAIR007163412962 4.97% | COM2PKHAIR007163412962 4.97%
2025-06-28T19:43:32.335724 | BABYWIPES003700087095 1.97X | BABYWIPES003700087095 1.97X
2025-06-28T19:43:32.335751 | COM4PKSOCK007153413049 4.97% | COM4PKSOCK007153413049 4.97%
2025-06-28T19:43:32.335776 | COM4PKSOCK007153413048 4.97% | COM4PKSOCK007153413048 4.97%
2025-06-28T19:43:32.335800 | s 1POPUG073004721376373 2.00X | s 1POPUG073004721376373 2.00X
2025-06-28T19:43:32.335827 | 7 RS 003700086358 24.94X | 7 RS 003700086358 24.94X
2025-06-28T19:43:32.335852 | BRNMSANML004400000379F 1.48N | BRNMSANML004400000379F 1.48N
2025-06-28T19:43:32.335893 | PATROL077898806441 6.97X | PATROL077898806441 6.97X
2025-06-28T19:49:59.817251 | COM3PCSET088851018239 9.44x | COM3PCSET088851018239 9.44x
2025-06-28T19:49:59.817582 | COM3PKBDS088614999361 7.24X | COM3PKBDS088614999361 7.24X
2025-06-28T19:49:59.817662 | COMBDS 088614999352 1.24% | COMBDS 088614999352 1.24%
2025-06-28T19:49:59.817729 | DRSMITHS 030178033003 T.97N | DRSMITHS 030178033003 T.97N
2025-06-28T19:49:59.817792 | COM2PKHAIR007163412962 4.97% | COM2PKHAIR007163412962 4.97%
2025-06-28T19:49:59.817854 | BABYWIPES003700087095 1.97X | BABYWIPES003700087095 1.97X
2025-06-28T19:49:59.817911 | COM4PKSOCK007153413049 4.97% | COM4PKSOCK007153413049 4.97%
2025-06-28T19:49:59.817967 | COM4PKSOCK007153413048 4.97% | COM4PKSOCK007153413048 4.97%
2025-06-28T19:49:59.818023 | s 1POPUG073004721376373 2.00X | s 1POPUG073004721376373 2.00X
2025-06-28T19:49:59.818078 | 7 RS 003700086358 24.94X | 7 RS 003700086358 24.94X
2025-06-28T19:49:59.818135 | BRNMSANML004400000379F 1.48N | BRNMSANML004400000379F 1.48N
2025-06-28T19:49:59.818190 | PATROL077898806441 6.97X | PATROL077898806441 6.97X
2025-06-28T19:49:59.818245 | COM3PCSET088851018239 9.44x | COM3PCSET088851018239 9.44x
2025-06-28T19:49:59.818317 | COM3PKBDS088614999361 7.24X | COM3PKBDS088614999361 7.24X
2025-06-28T19:49:59.818371 | COMBDS 088614999352 1.24% | COMBDS 088614999352 1.24%
2025-06-28T19:49:59.818433 | DRSMITHS 030178033003 T.97N | DRSMITHS 030178033003 T.97N
2025-06-28T19:49:59.818487 | COM2PKHAIR007163412962 4.97% | COM2PKHAIR007163412962 4.97%
2025-06-28T19:49:59.818539 | BABYWIPES003700087095 1.97X | BABYWIPES003700087095 1.97X
2025-06-28T19:49:59.818592 | COM4PKSOCK007153413049 4.97% | COM4PKSOCK007153413049 4.97%
2025-06-28T19:49:59.818644 | COM4PKSOCK007153413048 4.97% | COM4PKSOCK007153413048 4.97%
2025-06-28T19:49:59.818697 | s 1POPUG073004721376373 2.00X | s 1POPUG073004721376373 2.00X
2025-06-28T19:49:59.818749 | 7 RS 003700086358 24.94X | 7 RS 003700086358 24.94X
2025-06-28T19:49:59.818811 | BRNMSANML004400000379F 1.48N | BRNMSANML004400000379F 1.48N
2025-06-28T19:49:59.818864 | PATROL077898806441 6.97X | PATROL077898806441 6.97X
2025-06-28T19:53:27.426818 | COM3PCSET088851018239 9.44x | COM3PCSET088851018239 9.44x
2025-06-28T19:53:27.427607 | COM3PKBDS088614999361 7.24X | COM3PKBDS088614999361 7.24X
2025-06-28T19:53:27.427830 | COMBDS 088614999352 1.24% | COMBDS 088614999352 1.24%
2025-06-28T19:53:27.427945 | DRSMITHS 030178033003 T.97N | DRSMITHS 030178033003 T.97N
2025-06-28T19:53:27.428050 | COM2PKHAIR007163412962 4.97% | COM2PKHAIR007163412962 4.97%
2025-06-28T19:53:27.428140 | BABYWIPES003700087095 1.97X | BABYWIPES003700087095 1.97X
2025-06-28T19:53:27.428230 | COM4PKSOCK007153413049 4.97% | COM4PKSOCK007153413049 4.97%
2025-06-28T19:53:27.428468 | COM4PKSOCK007153413048 4.97% | COM4PKSOCK007153413048 4.97%
2025-06-28T19:53:27.428738 | s 1POPUG073004721376373 2.00X | s 1POPUG073004721376373 2.00X
2025-06-28T19:53:27.428888 | 7 RS 003700086358 24.94X | 7 RS 003700086358 24.94X
2025-06-28T19:53:27.429013 | BRNMSANML004400000379F 1.48N | BRNMSANML004400000379F 1.48N
2025-06-28T19:53:27.429134 | PATROL077898806441 6.97X | PATROL077898806441 6.97X
2025-06-28T19:53:27.429291 | COM3PCSET088851018239 9.44x | COM3PCSET088851018239 9.44x
2025-06-28T19:53:27.429453 | COM3PKBDS088614999361 7.24X | COM3PKBDS088614999361 7.24X
2025-06-28T19:53:27.429606 | COMBDS 088614999352 1.24% | COMBDS 088614999352 1.24%
2025-06-28T19:53:27.429751 | DRSMITHS 030178033003 T.97N | DRSMITHS 030178033003 T.97N
2025-06-28T19:53:27.429855 | COM2PKHAIR007163412962 4.97% | COM2PKHAIR007163412962 4.97%
2025-06-28T19:53:27.429947 | BABYWIPES003700087095 1.97X | BABYWIPES003700087095 1.97X
2025-06-28T19:53:27.430070 | COM4PKSOCK007153413049 4.97% | COM4PKSOCK007153413049 4.97%
2025-06-28T19:53:27.430185 | COM4PKSOCK007153413048 4.97% | COM4PKSOCK007153413048 4.97%
2025-06-28T19:53:27.430239 | s 1POPUG073004721376373 2.00X | s 1POPUG073004721376373 2.00X
2025-06-28T19:53:27.430343 | 7 RS 003700086358 24.94X | 7 RS 003700086358 24.94X
2025-06-28T19:53:27.430406 | BRNMSANML004400000379F 1.48N | BRNMSANML004400000379F 1.48N
2025-06-28T19:53:27.430443 | PATROL077898806441 6.97X | PATROL077898806441 6.97X
2025-06-28T19:55:44.599603 | COM3PCSET088851018239 9.44x | COM3PCSET088851018239 9.44x
2025-06-28T19:55:44.599910 | COM3PKBDS088614999361 7.24X | COM3PKBDS088614999361 7.24X
2025-06-28T19:55:44.599981 | COMBDS 088614999352 1.24% | COMBDS 088614999352 1.24%
2025-06-28T19:55:44.600046 | DRSMITHS 030178033003 T.97N | DRSMITHS 030178033003 T.97N
2025-06-28T19:55:44.600107 | COM2PKHAIR007163412962 4.97% | COM2PKHAIR007163412962 4.97%
2025-06-28T19:55:44.600166 | BABYWIPES003700087095 1.97X | BABYWIPES003700087095 1.97X
2025-06-28T19:55:44.600224 | COM4PKSOCK007153413049 4.97% | COM4PKSOCK007153413049 4.97%
2025-06-28T19:55:44.600291 | COM4PKSOCK007153413048 4.97% | COM4PKSOCK007153413048 4.97%
2025-06-28T19:55:44.600349 | s 1POPUG073004721376373 2.00X | s 1POPUG073004721376373 2.00X
2025-06-28T19:55:44.600406 | 7 RS 003700086358 24.94X | 7 RS 003700086358 24.94X
2025-06-28T19:55:44.600461 | BRNMSANML004400000379F 1.48N | BRNMSANML004400000379F 1.48N
2025-06-28T19:55:44.600516 | PATROL077898806441 6.97X | PATROL077898806441 6.97X
2025-06-28T19:55:44.600575 | COM3PCSET088851018239 9.44x | COM3PCSET088851018239 9.44x
2025-06-28T19:55:44.601651 | COM3PKBDS088614999361 7.24X | COM3PKBDS088614999361 7.24X
2025-06-28T19:55:44.601759 | COMBDS 088614999352 1.24% | COMBDS 088614999352 1.24%
2025-06-28T19:55:44.601830 | DRSMITHS 030178033003 T.97N | DRSMITHS 030178033003 T.97N
2025-06-28T19:55:44.601894 | COM2PKHAIR007163412962 4.97% | COM2PKHAIR007163412962 4.97%
2025-06-28T19:55:44.601956 | BABYWIPES003700087095 1.97X | BABYWIPES003700087095 1.97X
2025-06-28T19:55:44.602015 | COM4PKSOCK007153413049 4.97% | COM4PKSOCK007153413049 4.97%
2025-06-28T19:55:44.602114 | COM4PKSOCK007153413048 4.97% | COM4PKSOCK007153413048 4.97%
2025-06-28T19:55:44.602175 | s 1POPUG073004721376373 2.00X | s 1POPUG073004721376373 2.00X
2025-06-28T19:55:44.602233 | 7 RS 003700086358 24.94X | 7 RS 003700086358 24.94X
2025-06-28T19:55:44.602290 | BRNMSANML004400000379F 1.48N | BRNMSANML004400000379F 1.48N
2025-06-28T19:55:44.602414 | PATROL077898806441 6.97X | PATROL077898806441 6.97X
2025-06-28T20:06:47.611006 | COM3PCSET088851018239 9.44x | COM3PCSET088851018239 9.44x
2025-06-28T20:06:47.611234 | COM3PKBDS088614999361 7.24X | COM3PKBDS088614999361 7.24X
2025-06-28T20:06:47.611306 | COMBDS 088614999352 1.24% | COMBDS 088614999352 1.24%
2025-06-28T20:06:47.611350 | DRSMITHS 030178033003 T.97N | DRSMITHS 030178033003 T.97N
2025-06-28T20:06:47.611397 | COM2PKHAIR007163412962 4.97% | COM2PKHAIR007163412962 4.97%
2025-06-28T20:06:47.611443 | BABYWIPES003700087095 1.97X | BABYWIPES003700087095 1.97X
2025-06-28T20:06:47.611486 | COM4PKSOCK007153413049 4.97% | COM4PKSOCK007153413049 4.97%
2025-06-28T20:06:47.611527 | COM4PKSOCK007153413048 4.97% | COM4PKSOCK007153413048 4.97%
2025-06-28T20:06:47.611565 | s 1POPUG073004721376373 2.00X | s 1POPUG073004721376373 2.00X
2025-06-28T20:06:47.611611 | 7 RS 003700086358 24.94X | 7 RS 003700086358 24.94X
2025-06-28T20:06:47.611653 | BRNMSANML004400000379F 1.48N | BRNMSANML004400000379F 1.48N
2025-06-28T20:06:47.611692 | PATROL077898806441 6.97X | PATROL077898806441 6.97X
2025-06-28T20:06:47.611730 | COM3PCSET088851018239 9.44x | COM3PCSET088851018239 9.44x
2025-06-28T20:06:47.611787 | COM3PKBDS088614999361 7.24X | COM3PKBDS088614999361 7.24X
2025-06-28T20:06:47.611819 | COMBDS 088614999352 1.24% | COMBDS 088614999352 1.24%
2025-06-28T20:06:47.611857 | DRSMITHS 030178033003 T.97N | DRSMITHS 030178033003 T.97N
2025-06-28T20:06:47.611893 | COM2PKHAIR007163412962 4.97% | COM2PKHAIR007163412962 4.97%
2025-06-28T20:06:47.611930 | BABYWIPES003700087095 1.97X | BABYWIPES003700087095 1.97X
2025-06-28T20:06:47.611959 | COM4PKSOCK007153413049 4.97% | COM4PKSOCK007153413049 4.97%
2025-06-28T20:06:47.611995 | COM4PKSOCK007153413048 4.97% | COM4PKSOCK007153413048 4.97%
2025-06-28T20:06:47.612030 | s 1POPUG073004721376373 2.00X | s 1POPUG073004721376373 2.00X
2025-06-28T20:06:47.612058 | 7 RS 003700086358 24.94X | 7 RS 003700086358 24.94X
2025-06-28T20:06:47.612092 | BRNMSANML004400000379F 1.48N | BRNMSANML004400000379F 1.48N
2025-06-28T20:06:47.612127 | PATROL077898806441 6.97X | PATROL077898806441 6.97X
2025-06-28T20:23:23.465231 | COM3PCSET088851018239 9.44x | COM3PCSET088851018239 9.44x
2025-06-28T20:23:23.465670 | COM3PKBDS088614999361 7.24X | COM3PKBDS088614999361 7.24X
2025-06-28T20:23:23.465795 | COMBDS 088614999352 1.24% | COMBDS 088614999352 1.24%
2025-06-28T20:23:23.465912 | DRSMITHS 030178033003 T.97N | DRSMITHS 030178033003 T.97N
2025-06-28T20:23:23.466349 | COM2PKHAIR007163412962 4.97% | COM2PKHAIR007163412962 4.97%
2025-06-28T20:23:23.466796 | BABYWIPES003700087095 1.97X | BABYWIPES003700087095 1.97X
2025-06-28T20:23:23.466897 | COM4PKSOCK007153413049 4.97% | COM4PKSOCK007153413049 4.97%
2025-06-28T20:23:23.466989 | COM4PKSOCK007153413048 4.97% | COM4PKSOCK007153413048 4.97%
2025-06-28T20:23:23.467091 | s 1POPUG073004721376373 2.00X | s 1POPUG073004721376373 2.00X
2025-06-28T20:23:23.467190 | 7 RS 003700086358 24.94X | 7 RS 003700086358 24.94X
2025-06-28T20:23:23.467284 | BRNMSANML004400000379F 1.48N | BRNMSANML004400000379F 1.48N
2025-06-28T20:23:23.467376 | PATROL077898806441 6.97X | PATROL077898806441 6.97X
2025-06-28T20:23:23.467471 | COM3PCSET088851018239 9.44x | COM3PCSET088851018239 9.44x
2025-06-28T20:23:23.467564 | COM3PKBDS088614999361 7.24X | COM3PKBDS088614999361 7.24X
2025-06-28T20:23:23.467669 | COMBDS 088614999352 1.24% | COMBDS 088614999352 1.24%
2025-06-28T20:23:23.467864 | DRSMITHS 030178033003 T.97N | DRSMITHS 030178033003 T.97N
2025-06-28T20:23:23.468000 | COM2PKHAIR007163412962 4.97% | COM2PKHAIR007163412962 4.97%
2025-06-28T20:23:23.472208 | BABYWIPES003700087095 1.97X | BABYWIPES003700087095 1.97X
2025-06-28T20:23:23.472656 | COM4PKSOCK007153413049 4.97% | COM4PKSOCK007153413049 4.97%
2025-06-28T20:23:23.472754 | COM4PKSOCK007153413048 4.97% | COM4PKSOCK007153413048 4.97%
2025-06-28T20:23:23.472831 | s 1POPUG073004721376373 2.00X | s 1POPUG073004721376373 2.00X
2025-06-28T20:23:23.472905 | 7 RS 003700086358 24.94X | 7 RS 003700086358 24.94X
2025-06-28T20:23:23.473044 | BRNMSANML004400000379F 1.48N | BRNMSANML004400000379F 1.48N
2025-06-28T20:23:23.473118 | PATROL077898806441 6.97X | PATROL077898806441 6.97X
2025-06-28T20:24:15.072767 | COM3PCSET088851018239 9.44x | COM3PCSET088851018239 9.44x
2025-06-28T20:24:15.073042 | COM3PKBDS088614999361 7.24X | COM3PKBDS088614999361 7.24X
2025-06-28T20:24:15.073096 | COMBDS 088614999352 1.24% | COMBDS 088614999352 1.24%
2025-06-28T20:24:15.073139 | DRSMITHS 030178033003 T.97N | DRSMITHS 030178033003 T.97N
2025-06-28T20:24:15.073179 | COM2PKHAIR007163412962 4.97% | COM2PKHAIR007163412962 4.97%
2025-06-28T20:24:15.073219 | BABYWIPES003700087095 1.97X | BABYWIPES003700087095 1.97X
2025-06-28T20:24:15.073260 | COM4PKSOCK007153413049 4.97% | COM4PKSOCK007153413049 4.97%
2025-06-28T20:24:15.073300 | COM4PKSOCK007153413048 4.97% | COM4PKSOCK007153413048 4.97%
2025-06-28T20:24:15.073337 | s 1POPUG073004721376373 2.00X | s 1POPUG073004721376373 2.00X
2025-06-28T20:24:15.073375 | 7 RS 003700086358 24.94X | 7 RS 003700086358 24.94X
2025-06-28T20:24:15.073411 | BRNMSANML004400000379F 1.48N | BRNMSANML004400000379F 1.48N
2025-06-28T20:24:15.073447 | PATROL077898806441 6.97X | PATROL077898806441 6.97X
2025-06-28T20:24:15.073484 | COM3PCSET088851018239 9.44x | COM3PCSET088851018239 9.44x
2025-06-28T20:24:15.073535 | COM3PKBDS088614999361 7.24X | COM3PKBDS088614999361 7.24X
2025-06-28T20:24:15.073574 | COMBDS 088614999352 1.24% | COMBDS 088614999352 1.24%
2025-06-28T20:24:15.073617 | DRSMITHS 030178033003 T.97N | DRSMITHS 030178033003 T.97N
2025-06-28T20:24:15.073653 | COM2PKHAIR007163412962 4.97% | COM2PKHAIR007163412962 4.97%
2025-06-28T20:24:15.073689 | BABYWIPES003700087095 1.97X | BABYWIPES003700087095 1.97X
2025-06-28T20:24:15.073724 | COM4PKSOCK007153413049 4.97% | COM4PKSOCK007153413049 4.97%
2025-06-28T20:24:15.073759 | COM4PKSOCK007153413048 4.97% | COM4PKSOCK007153413048 4.97%
2025-06-28T20:24:15.073794 | s 1POPUG073004721376373 2.00X | s 1POPUG073004721376373 2.00X
2025-06-28T20:24:15.073829 | 7 RS 003700086358 24.94X | 7 RS 003700086358 24.94X
2025-06-28T20:24:15.073863 | BRNMSANML004400000379F 1.48N | BRNMSANML004400000379F 1.48N
2025-06-28T20:24:15.073904 | PATROL077898806441 6.97X | PATROL077898806441 6.97X
2025-06-28T20:27:37.114287 | COM3PCSET088851018239 9.44x | COM3PCSET088851018239 9.44x
2025-06-28T20:27:37.114730 | COM3PKBDS088614999361 7.24X | COM3PKBDS088614999361 7.24X
2025-06-28T20:27:37.114853 | COMBDS 088614999352 1.24% | COMBDS 088614999352 1.24%
2025-06-28T20:27:37.114952 | DRSMITHS 030178033003 T.97N | DRSMITHS 030178033003 T.97N
2025-06-28T20:27:37.115042 | COM2PKHAIR007163412962 4.97% | COM2PKHAIR007163412962 4.97%
2025-06-28T20:27:37.115130 | BABYWIPES003700087095 1.97X | BABYWIPES003700087095 1.97X
2025-06-28T20:27:37.115216 | COM4PKSOCK007153413049 4.97% | COM4PKSOCK007153413049 4.97%
2025-06-28T20:27:37.115300 | COM4PKSOCK007153413048 4.97% | COM4PKSOCK007153413048 4.97%
2025-06-28T20:27:37.115386 | s 1POPUG073004721376373 2.00X | s 1POPUG073004721376373 2.00X
2025-06-28T20:27:37.115469 | 7 RS 003700086358 24.94X | 7 RS 003700086358 24.94X
2025-06-28T20:27:37.115550 | BRNMSANML004400000379F 1.48N | BRNMSANML004400000379F 1.48N
2025-06-28T20:27:37.115632 | PATROL077898806441 6.97X | PATROL077898806441 6.97X
2025-06-28T20:27:37.115718 | COM3PCSET088851018239 9.44x | COM3PCSET088851018239 9.44x
2025-06-28T20:27:37.115825 | COM3PKBDS088614999361 7.24X | COM3PKBDS088614999361 7.24X
2025-06-28T20:27:37.115915 | COMBDS 088614999352 1.24% | COMBDS 088614999352 1.24%
2025-06-28T20:27:37.115997 | DRSMITHS 030178033003 T.97N | DRSMITHS 030178033003 T.97N
2025-06-28T20:27:37.116082 | COM2PKHAIR007163412962 4.97% | COM2PKHAIR007163412962 4.97%
2025-06-28T20:27:37.116165 | BABYWIPES003700087095 1.97X | BABYWIPES003700087095 1.97X
2025-06-28T20:27:37.116248 | COM4PKSOCK007153413049 4.97% | COM4PKSOCK007153413049 4.97%
2025-06-28T20:27:37.116327 | COM4PKSOCK007153413048 4.97% | COM4PKSOCK007153413048 4.97%
2025-06-28T20:27:37.116408 | s 1POPUG073004721376373 2.00X | s 1POPUG073004721376373 2.00X
2025-06-28T20:27:37.116599 | 7 RS 003700086358 24.94X | 7 RS 003700086358 24.94X
2025-06-28T20:27:37.116674 | BRNMSANML004400000379F 1.48N | BRNMSANML004400000379F 1.48N
2025-06-28T20:27:37.116745 | PATROL077898806441 6.97X | PATROL077898806441 6.97X
2025-06-28T20:42:28.496523 | YEAST | af YEAST 006421700742$4.97D
2025-06-28T20:42:58.884514 | DRUMSTICKKKO05500038382$4,.87J ui | DRUMSTICKKKO05500038382$4,.87J ui
2025-06-28T20:50:41.859023 | SMILES 006577300073..$2.47D | SMILES 006577300073..$2.47D
2025-06-28T20:50:42.472247 | YEAST | af YEAST 006421700742$4.97D
2025-06-28T20:50:43.496752 | DRUMSTICKKKO05500038382$4,.87J ui | DRUMSTICKKKO05500038382$4,.87J ui
2025-06-28T21:02:15.009576 | SMILES 006577300073..$2.47D | SMILES 006577300073..$2.47D
2025-06-28T21:02:15.519121 | YEAST | af YEAST 006421700742$4.97D
2025-06-28T21:02:16.545407 | DRUMSTICKKKO05500038382$4,.87J ui | DRUMSTICKKKO05500038382$4,.87J ui
2025-06-28T21:08:30.410068 | SMILES 006577300073..$2.47D | SMILES 006577300073..$2.47D
2025-06-28T21:08:31.227333 | xy POTWHT7RST003338345485 $5.97D , | xy POTWHT7RST003338345485 $5.97D ,
2025-06-28T21:39:13.354374 | SMILES 006577300073..$2.47D | SMILES 006577300073..$2.47D
2025-06-28T21:39:14.098553 | xy POTWHT7RST003338345485 $5.97D , | xy POTWHT7RST003338345485 $5.97D ,
2025-06-28T21:53:46.238993 | .,SMILES 006577300073,$2.47D | .,SMILES 006577300073,$2.47D
2025-06-28T21:53:47.057436 | s. POTWHTRST003338345485 $6.97D | s. POTWHTRST003338345485 $6.97D
2025-06-28T21:53:47.484555 | af DRUMSTICKKKOOBS00038S82$4.87J i | af DRUMSTICKKKOOBS00038S82$4.87J i
2025-06-28T21:56:35.096481 | .,SMILES 006577300073,$2.47D | .,SMILES 006577300073,$2.47D
2025-06-28T21:56:35.860224 | s. POTWHTRST003338345485 $6.97D | s. POTWHTRST003338345485 $6.97D
2025-06-28T21:56:36.425719 | af DRUMSTICKKKOOBS00038S82$4.87J i | af DRUMSTICKKKOOBS00038S82$4.87J i
2025-06-28T22:03:23.259927 | .,SMILES 006577300073,$2.47D | .,SMILES 006577300073,$2.47D
2025-06-28T22:03:24.034117 | s. POTWHTRST003338345485 $6.97D | s. POTWHTRST003338345485 $6.97D
2025-06-28T22:03:24.488826 | af DRUMSTICKKKOOBS00038S82$4.87J i | af DRUMSTICKKKOOBS00038S82$4.87J i
2025-06-28T22:03:46.007744 | COH3PCSET088861018239 9.44% | COH3PCSET088861018239 9.44%
2025-06-28T22:03:46.375501 | COH3PKBDS088614999361 7.24% | COH3PKBDS088614999361 7.24%
2025-06-28T22:03:46.809734 | COMBDS 088614999362 1.24% | COMBDS 088614999362 1.24%
2025-06-28T22:03:47.217281 | DRSMITHS 030178033003 T.97N | DRSMITHS 030178033003 T.97N
2025-06-28T22:03:47.580418 | COH2PKHATR007163412962 4.97% | COH2PKHATR007163412962 4.97%
2025-06-28T22:03:48.039914 | BABYWIPES003700087095 1.97X | BABYWIPES003700087095 1.97X
2025-06-28T22:03:48.447231 | COM4PKSOCK007153413049 4.97% | COM4PKSOCK007153413049 4.97%
2025-06-28T22:03:48.857561 | COM4PKSOCK007153413048 4.97X | COM4PKSOCK007153413048 4.97X
2025-06-28T22:03:49.267403 | 1POPUGOf3004721376373 2.00X | 1POPUGOf3004721376373 2.00X
2025-06-28T22:03:49.676731 | . RS. 003700086358 24.94X | . RS. 003700086358 24.94X
2025-06-28T22:03:50.047404 | DRNMISANML004400000379F 1.488 | DRNMISANML004400000379F 1.488
2025-06-28T22:03:50.494187 | PATRA077898806441 6.97X | PATRA077898806441 6.97X
2025-06-28T22:03:50.494349 | COH3PCSET088861018239 9.44% | COH3PCSET088861018239 9.44%
2025-06-28T22:03:50.494609 | COH3PKBDS088614999361 7.24% | COH3PKBDS088614999361 7.24%
2025-06-28T22:03:50.494671 | COMBDS 088614999362 1.24% | COMBDS 088614999362 1.24%
2025-06-28T22:03:50.494720 | DRSMITHS 030178033003 T.97N | DRSMITHS 030178033003 T.97N
2025-06-28T22:03:50.494772 | COH2PKHATR007163412962 4.97% | COH2PKHATR007163412962 4.97%
2025-06-28T22:03:50.494822 | BABYWIPES003700087095 1.97X | BABYWIPES003700087095 1.97X
2025-06-28T22:03:50.494865 | COM4PKSOCK007153413049 4.97% | COM4PKSOCK007153413049 4.97%
2025-06-28T22:03:50.494926 | COM4PKSOCK007153413048 4.97X | COM4PKSOCK007153413048 4.97X
2025-06-28T22:03:50.494969 | 1POPUGOf3004721376373 2.00X | 1POPUGOf3004721376373 2.00X
2025-06-28T22:03:50.495013 | . RS. 003700086358 24.94X | . RS. 003700086358 24.94X
2025-06-28T22:03:50.495057 | DRNMISANML004400000379F 1.488 | DRNMISANML004400000379F 1.488
2025-06-28T22:03:50.495171 | PATRA077898806441 6.97X | PATRA077898806441 6.97X
2025-06-28T22:07:48.927738 | COH3PCSET088861018239 9.44% | COH3PCSET088861018239 9.44%
2025-06-28T22:07:49.305319 | COH3PKBDS088614999361 7.24% | COH3PKBDS088614999361 7.24%
2025-06-28T22:07:49.667849 | COMBDS 088614999362 1.24% | COMBDS 088614999362 1.24%
2025-06-28T22:07:50.046827 | DRSMITHS 030178033003 T.97N | DRSMITHS 030178033003 T.97N
2025-06-28T22:07:50.517376 | COH2PKHATR007163412962 4.97% | COH2PKHATR007163412962 4.97%
2025-06-28T22:07:50.927119 | BABYWIPES003700087095 1.97X | BABYWIPES003700087095 1.97X
2025-06-28T22:07:51.302597 | COM4PKSOCK007153413049 4.97% | COM4PKSOCK007153413049 4.97%
2025-06-28T22:07:51.747100 | COM4PKSOCK007153413048 4.97X | COM4PKSOCK007153413048 4.97X
2025-06-28T22:07:52.156934 | 1POPUGOf3004721376373 2.00X | 1POPUGOf3004721376373 2.00X
2025-06-28T22:07:52.566389 | . RS. 003700086358 24.94X | . RS. 003700086358 24.94X
2025-06-28T22:07:52.975561 | DRNMISANML004400000379F 1.488 | DRNMISANML004400000379F 1.488
2025-06-28T22:07:53.386877 | PATRA077898806441 6.97X | PATRA077898806441 6.97X
2025-06-28T22:07:53.387157 | COH3PCSET088861018239 9.44% | COH3PCSET088861018239 9.44%
2025-06-28T22:07:53.387508 | COH3PKBDS088614999361 7.24% | COH3PKBDS088614999361 7.24%
2025-06-28T22:07:53.387730 | COMBDS 088614999362 1.24% | COMBDS 088614999362 1.24%
2025-06-28T22:07:53.387863 | DRSMITHS 030178033003 T.97N | DRSMITHS 030178033003 T.97N
2025-06-28T22:07:53.387969 | COH2PKHATR007163412962 4.97% | COH2PKHATR007163412962 4.97%
2025-06-28T22:07:53.388063 | BABYWIPES003700087095 1.97X | BABYWIPES003700087095 1.97X
2025-06-28T22:07:53.388159 | COM4PKSOCK007153413049 4.97% | COM4PKSOCK007153413049 4.97%
2025-06-28T22:07:53.388247 | COM4PKSOCK007153413048 4.97X | COM4PKSOCK007153413048 4.97X
2025-06-28T22:07:53.388337 | 1POPUGOf3004721376373 2.00X | 1POPUGOf3004721376373 2.00X
2025-06-28T22:07:53.388439 | . RS. 003700086358 24.94X | . RS. 003700086358 24.94X
2025-06-28T22:07:53.388614 | DRNMISANML004400000379F 1.488 | DRNMISANML004400000379F 1.488
2025-06-28T22:07:53.388819 | PATRA077898806441 6.97X | PATRA077898806441 6.97X
2025-06-28T22:11:28.018161 | COH3PCSET088861018239 9.44% | COH3PCSET088861018239 9.44%
2025-06-28T22:11:28.385617 | COH3PKBDS088614999361 7.24% | COH3PKBDS088614999361 7.24%
2025-06-28T22:11:28.831956 | COMBDS 088614999362 1.24% | COMBDS 088614999362 1.24%
2025-06-28T22:11:29.244699 | DRSMITHS 030178033003 T.97N | DRSMITHS 030178033003 T.97N
2025-06-28T22:11:29.628586 | COH2PKHATR007163412962 4.97% | COH2PKHATR007163412962 4.97%
2025-06-28T22:11:30.065458 | BABYWIPES003700087095 1.97X | BABYWIPES003700087095 1.97X
2025-06-28T22:11:30.473357 | COM4PKSOCK007153413049 4.97% | COM4PKSOCK007153413049 4.97%
2025-06-28T22:11:30.884464 | COM4PKSOCK007153413048 4.97X | COM4PKSOCK007153413048 4.97X
2025-06-28T22:11:31.294691 | 1POPUGOf3004721376373 2.00X | 1POPUGOf3004721376373 2.00X
2025-06-28T22:11:31.702814 | . RS. 003700086358 24.94X | . RS. 003700086358 24.94X
2025-06-28T22:11:32.084089 | DRNMISANML004400000379F 1.488 | DRNMISANML004400000379F 1.488
2025-06-28T22:11:32.519072 | PATRA077898806441 6.97X | PATRA077898806441 6.97X
2025-06-28T22:11:32.519312 | COH3PCSET088861018239 9.44% | COH3PCSET088861018239 9.44%
2025-06-28T22:11:32.519439 | COH3PKBDS088614999361 7.24% | COH3PKBDS088614999361 7.24%
2025-06-28T22:11:32.519557 | COMBDS 088614999362 1.24% | COMBDS 088614999362 1.24%
2025-06-28T22:11:32.519690 | DRSMITHS 030178033003 T.97N | DRSMITHS 030178033003 T.97N
2025-06-28T22:11:32.519829 | COH2PKHATR007163412962 4.97% | COH2PKHATR007163412962 4.97%
2025-06-28T22:11:32.519956 | BABYWIPES003700087095 1.97X | BABYWIPES003700087095 1.97X
2025-06-28T22:11:32.520070 | COM4PKSOCK007153413049 4.97% | COM4PKSOCK007153413049 4.97%
2025-06-28T22:11:32.520208 | COM4PKSOCK007153413048 4.97X | COM4PKSOCK007153413048 4.97X
2025-06-28T22:11:32.520325 | 1POPUGOf3004721376373 2.00X | 1POPUGOf3004721376373 2.00X
2025-06-28T22:11:32.520441 | . RS. 003700086358 24.94X | . RS. 003700086358 24.94X
2025-06-28T22:11:32.520764 | DRNMISANML004400000379F 1.488 | DRNMISANML004400000379F 1.488
2025-06-28T22:11:32.520895 | PATRA077898806441 6.97X | PATRA077898806441 6.97X
